Ansys Lumerical 2024 R1 FDTD Solver Version 8.31.3633 (Windows 64bit)
 expires (month/day/year): 12/31/2035
using config file: Ansys Licensing set with ANSYSLMD_LICENSE_FILE
license host: 1055@localhost
current time: 周三 7月 23 00:09:18 2025
Running on host: Yilinjun
host available memory (GB): 10.880643
All processes are communicating and ready to proceed to simulation...
Running fsp file: E:\Program Files\Lumerical\v241\bin\fdtd-engine-msmpi.exe -t 1 -remote -shared-solve-license QU5TWVNfTElDRU5TSU5HX0NPTlRFWFRfREFUQT08QU5TWVNfTElDRU5TSU5HX0NPTlRFWFRfREFUQT48SUQ+MDkxMzNiMTMtNmI3Yy00Yjg0LThhNTctMmM4MDE5YTIzMzJlPC9JRD48VFlQRT5IUENfUEFSQU1FVFJJQzwvVFlQRT48TkFNRT5IUEMgUGFyYW1ldHJpYzwvTkFNRT48SEFORExFUj4zNTkyMEBZaWxpbmp1bjwvSEFORExFUj48L0FOU1lTX0xJQ0VOU0lOR19DT05URVhUX0RBVEE+Cg== D:/桌面/大创/大创优化/垃圾/multilayer_absorber.fsp
number of processors is 8
processors are distributed as: 1x1x8
Running 3D Simulation
Starting meshing
Simulation size in gridpoints: 12 x 12 x 75
Refined 0 mesh cells (0%)
Completed meshing!
Meshing complete in 0.0625 seconds of CPU time
86400 86400
Starting meshing
Simulation size in gridpoints: 12 x 12 x 75
Refined 0 mesh cells (0%)
Completed meshing!
Meshing complete in 0.0625 seconds of CPU time
72192 72192
Starting meshing
Simulation size in gridpoints: 12 x 12 x 75
Refined 0 mesh cells (0%)
Completed meshing!
Meshing complete in 0.046875 seconds of CPU time
86400 86400
finished material properties
Meshing Time: 0.174924 seconds, Init Electrical Material Time: 0.0516664 seconds, Init Magnetic Material Time: 4.31e-05
Using selected optimization level: 2
Selecting 3d kernel for splitFieldDirection=0 and optLevel=2
-----------------------------------------
Beginning initialization of 3D Simulation
Starting to add sources to simulation
Adding 3D Gaussian source propagating in Z
Starting to add boundary conditions to simulation
Adding 3D Periodic BC
Adding 3D Periodic BC
Adding 3D Periodic BC
Adding 3D Periodic BC
Adding 3D PML BC
Adding 3D Parallel BC
Starting to add monitors to Simulation
Adding analysis monitor
Adding 3D DFT monitor
Adding 3D DFT monitor
Finished initialization of 3D Simulation
-----------------------------------------
All processes are communicating and ready to proceed to simulation...
Starting 104313 total iterations
0.0460155% complete. Elapsed simulation time: 4.60155e-16 secs. Max time remaining: 30 secs. Auto Shutoff: 1
1.94799% complete. Elapsed simulation time: 1.94799e-14 secs. Max time remaining: 42 secs. Auto Shutoff: 0.315728
3.91132% complete. Elapsed simulation time: 3.91132e-14 secs. Max time remaining: 34 secs. Auto Shutoff: 0.00318197
7.80539% complete. Elapsed simulation time: 7.80539e-14 secs. Max time remaining: 32 secs. Auto Shutoff: 9.75318e-06
100% complete. Max time remaining: 0 mins, 0 secs. Auto Shutoff: 9.75318e-06
Early termination of simulation, the autoshutoff criteria are satisfied.
Completed 8142 iterations, or 7.805386e-14s of Simulation Time
Process 0 starting to collect data
    collecting monitor data
    collecting source data
Finished collecting data
Simulation completed successfully at: 周三 7月 23 00:09:21 2025
Overall wall time measurements in seconds: 4.18422
    time to mesh and initialize: 0.322164
    time to run FDTD simulation: 2.67185
    time to checkpoint simulation: 0
    time to finalize data and save to files: 0.0610349
    miscellaneous time: 1.12915
    FDTD solver speed on process 0: 32.9111 Mnodes/s
    total FDTD solver speed on 8 processes: 263.289 Mnodes/s
