Ansys Lumerical 2024 R1 FDTD Solver Version 8.31.3633 (Windows 64bit)
 expires (month/day/year): 12/31/2035
using config file: Ansys Licensing set with ANSYSLMD_LICENSE_FILE
license host: 1055@localhost
current time: 周二 7月 22 21:47:38 2025
Running on host: Yilinjun
host available memory (GB): 8.914948
All processes are communicating and ready to proceed to simulation...
Running fsp file: E:\Program Files\Lumerical\v241\bin\fdtd-engine-msmpi.exe -t 1 -remote -shared-solve-license QU5TWVNfTElDRU5TSU5HX0NPTlRFWFRfREFUQT08QU5TWVNfTElDRU5TSU5HX0NPTlRFWFRfREFUQT48SUQ+ZmQ0NTRlODMtMmQ4Ni00YjMxLWI3ZDUtZDVlYTBhMmFhZmU2PC9JRD48VFlQRT5IUENfUEFSQU1FVFJJQzwvVFlQRT48TkFNRT5IUEMgUGFyYW1ldHJpYzwvTkFNRT48SEFORExFUj4zMDMyMUBZaWxpbmp1bjwvSEFORExFUj48L0FOU1lTX0xJQ0VOU0lOR19DT05URVhUX0RBVEE+Cg== D:/桌面/大创/大创优化/multilayer_absorber.fsp
number of processors is 8
processors are distributed as: 1x1x8
Running 3D Simulation
Starting meshing
Simulation size in gridpoints: 22 x 22 x 101
Refined 0 mesh cells (0%)
Completed meshing!
Meshing complete in 0.171875 seconds of CPU time
171296 171296
Starting meshing
Simulation size in gridpoints: 22 x 22 x 101
Refined 0 mesh cells (0%)
Completed meshing!
Meshing complete in 0.140625 seconds of CPU time
164832 164832
Starting meshing
Simulation size in gridpoints: 22 x 22 x 101
Refined 0 mesh cells (0%)
Completed meshing!
Meshing complete in 0.125 seconds of CPU time
171296 171296
finished material properties
Meshing Time: 0.44466 seconds, Init Electrical Material Time: 0.0888067 seconds, Init Magnetic Material Time: 0.0003307
Using selected optimization level: 2
Selecting 3d kernel for splitFieldDirection=0 and optLevel=2
-----------------------------------------
Beginning initialization of 3D Simulation
Starting to add sources to simulation
Adding 3D Gaussian source propagating in Z
Starting to add boundary conditions to simulation
Adding 3D Periodic BC
Adding 3D Periodic BC
Adding 3D Periodic BC
Adding 3D Periodic BC
Adding 3D PML BC
Adding 3D Parallel BC
Starting to add monitors to Simulation
Adding analysis monitor
Adding 3D DFT monitor
Adding 3D DFT monitor
Finished initialization of 3D Simulation
-----------------------------------------
All processes are communicating and ready to proceed to simulation...
Starting 104185 total iterations
0.046072% complete. Elapsed simulation time: 4.6072e-16 secs. Max time remaining: 3 mins, 50 secs. Auto Shutoff: 1
